Using pre-set license
Built from '2021.3/staging' branch; Version is '2021.3.6f1 (7da38d85baf6) revision 8233869'; Using compiler version '192829333'; Build Type 'Release'
OS: 'Windows 10  (10.0.19044) 64bit Core' Language: 'tr' Physical Memory: 7981 MB
BatchMode: 1, IsHumanControllingUs: 0, StartBugReporterOnCrash: 0, Is64bit: 1, IsPro: 1

COMMAND LINE ARGUMENTS:
C:\Program Files\Unity\Hub\Editor\2021.3.6f1\Editor\Unity.exe
-adb2
-batchMode
-noUpm
-name
AssetImportWorker1
-projectPath
C:/Unity Project/AdventuresOfVoyager/AdventuresOfVoyager
-logFile
Logs/AssetImportWorker1.log
-srvPort
61529
Successfully changed project path to: C:/Unity Project/AdventuresOfVoyager/AdventuresOfVoyager
C:/Unity Project/AdventuresOfVoyager/AdventuresOfVoyager
[UnityMemory] Configuration Parameters - Can be set up in boot.config
    "memorysetup-bucket-allocator-granularity=16"
    "memorysetup-bucket-allocator-bucket-count=8"
    "memorysetup-bucket-allocator-block-size=33554432"
    "memorysetup-bucket-allocator-block-count=8"
    "memorysetup-main-allocator-block-size=16777216"
    "memorysetup-thread-allocator-block-size=16777216"
    "memorysetup-gfx-main-allocator-block-size=16777216"
    "memorysetup-gfx-thread-allocator-block-size=16777216"
    "memorysetup-cache-allocator-block-size=4194304"
    "memorysetup-typetree-allocator-block-size=2097152"
    "memorysetup-profiler-bucket-allocator-granularity=16"
    "memorysetup-profiler-bucket-allocator-bucket-count=8"
    "memorysetup-profiler-bucket-allocator-block-size=33554432"
    "memorysetup-profiler-bucket-allocator-block-count=8"
    "memorysetup-profiler-allocator-block-size=16777216"
    "memorysetup-profiler-editor-allocator-block-size=1048576"
    "memorysetup-temp-allocator-size-main=16777216"
    "memorysetup-job-temp-allocator-block-size=2097152"
    "memorysetup-job-temp-allocator-block-size-background=1048576"
    "memorysetup-job-temp-allocator-reduction-small-platforms=262144"
    "memorysetup-temp-allocator-size-background-worker=32768"
    "memorysetup-temp-allocator-size-job-worker=262144"
    "memorysetup-temp-allocator-size-preload-manager=33554432"
    "memorysetup-temp-allocator-size-nav-mesh-worker=65536"
    "memorysetup-temp-allocator-size-audio-worker=65536"
    "memorysetup-temp-allocator-size-cloud-worker=32768"
    "memorysetup-temp-allocator-size-gi-baking-worker=262144"
    "memorysetup-temp-allocator-size-gfx=262144"
Refreshing native plugins compatible for Editor in 106.89 ms, found 4 plugins.
Preloading 0 native plugins for Editor in 0.00 ms.
Initialize engine version: 2021.3.6f1 (7da38d85baf6)
[Subsystems] Discovering subsystems at path C:/Program Files/Unity/Hub/Editor/2021.3.6f1/Editor/Data/Resources/UnitySubsystems
[Subsystems] Discovering subsystems at path C:/Unity Project/AdventuresOfVoyager/AdventuresOfVoyager/Assets
GfxDevice: creating device client; threaded=0; jobified=0
Direct3D:
    Version:  Direct3D 11.0 [level 11.1]
    Renderer: NVIDIA GeForce GTX 1650 (ID=0x1f99)
    Vendor:   NVIDIA
    VRAM:     3962 MB
    Driver:   27.21.14.5638
Initialize mono
Mono path[0] = 'C:/Program Files/Unity/Hub/Editor/2021.3.6f1/Editor/Data/Managed'
Mono path[1] = 'C:/Program Files/Unity/Hub/Editor/2021.3.6f1/Editor/Data/MonoBleedingEdge/lib/mono/unityjit-win32'
Mono config path = 'C:/Program Files/Unity/Hub/Editor/2021.3.6f1/Editor/Data/MonoBleedingEdge/etc'
Using monoOptions --debugger-agent=transport=dt_socket,embedding=1,server=y,suspend=n,address=127.0.0.1:56096
Begin MonoManager ReloadAssembly
Registering precompiled unity dll's ...
Register platform support module: C:/Program Files/Unity/Hub/Editor/2021.3.6f1/Editor/Data/PlaybackEngines/AndroidPlayer/UnityEditor.Android.Extensions.dll
Register platform support module: C:/Program Files/Unity/Hub/Editor/2021.3.6f1/Editor/Data/PlaybackEngines/iOSSupport/UnityEditor.iOS.Extensions.dll
Register platform support module: C:/Program Files/Unity/Hub/Editor/2021.3.6f1/Editor/Data/PlaybackEngines/WindowsStandaloneSupport/UnityEditor.WindowsStandalone.Extensions.dll
Registered in 0.010697 seconds.
Native extension for WindowsStandalone target not found
[usbmuxd] Start listen thread
[usbmuxd] Listen thread started
Native extension for iOS target not found
Native extension for Android target not found
Refreshing native plugins compatible for Editor in 99.36 ms, found 4 plugins.
Preloading 0 native plugins for Editor in 0.00 ms.
Mono: successfully reloaded assembly
- Completed reload, in  0.724 seconds
Domain Reload Profiling:
	ReloadAssembly (725ms)
		BeginReloadAssembly (89ms)
			ExecutionOrderSort (0ms)
			DisableScriptedObjects (0ms)
			BackupInstance (0ms)
			ReleaseScriptingObjects (0ms)
			CreateAndSetChildDomain (1ms)
		EndReloadAssembly (518ms)
			LoadAssemblies (86ms)
			RebuildTransferFunctionScriptingTraits (0ms)
			SetupTypeCache (114ms)
			ReleaseScriptCaches (0ms)
			RebuildScriptCaches (28ms)
			SetupLoadedEditorAssemblies (324ms)
				LogAssemblyErrors (0ms)
				InitializePlatformSupportModulesInManaged (75ms)
				SetLoadedEditorAssemblies (0ms)
				RefreshPlugins (100ms)
				BeforeProcessingInitializeOnLoad (1ms)
				ProcessInitializeOnLoadAttributes (103ms)
				ProcessInitializeOnLoadMethodAttributes (44ms)
				AfterProcessingInitializeOnLoad (0ms)
				EditorAssembliesLoaded (0ms)
			ExecutionOrderSort2 (0ms)
			AwakeInstancesAfterBackupRestoration (0ms)
Platform modules already initialized, skipping
Registering precompiled user dll's ...
Registered in 0.008559 seconds.
Begin MonoManager ReloadAssembly
Symbol file LoadedFromMemory doesn't match image C:\Unity Project\AdventuresOfVoyager\AdventuresOfVoyager\Library\PackageCache\com.unity.visualscripting@1.7.8\Editor\VisualScripting.Core\Dependencies\YamlDotNet\Unity.VisualScripting.YamlDotNet.dll
Symbol file LoadedFromMemory doesn't match image C:\Unity Project\AdventuresOfVoyager\AdventuresOfVoyager\Library\PackageCache\com.unity.visualscripting@1.7.8\Editor\VisualScripting.Core\Dependencies\DotNetZip\Unity.VisualScripting.IonicZip.dll
Native extension for WindowsStandalone target not found
Native extension for iOS target not found
Native extension for Android target not found
Refreshing native plugins compatible for Editor in 105.03 ms, found 4 plugins.
Preloading 0 native plugins for Editor in 0.00 ms.
Mono: successfully reloaded assembly
- Completed reload, in  1.380 seconds
Domain Reload Profiling:
	ReloadAssembly (1381ms)
		BeginReloadAssembly (229ms)
			ExecutionOrderSort (0ms)
			DisableScriptedObjects (9ms)
			BackupInstance (0ms)
			ReleaseScriptingObjects (0ms)
			CreateAndSetChildDomain (125ms)
		EndReloadAssembly (1027ms)
			LoadAssemblies (101ms)
			RebuildTransferFunctionScriptingTraits (0ms)
			SetupTypeCache (268ms)
			ReleaseScriptCaches (1ms)
			RebuildScriptCaches (70ms)
			SetupLoadedEditorAssemblies (537ms)
				LogAssemblyErrors (0ms)
				InitializePlatformSupportModulesInManaged (27ms)
				SetLoadedEditorAssemblies (0ms)
				RefreshPlugins (105ms)
				BeforeProcessingInitializeOnLoad (115ms)
				ProcessInitializeOnLoadAttributes (237ms)
				ProcessInitializeOnLoadMethodAttributes (45ms)
				AfterProcessingInitializeOnLoad (8ms)
				EditorAssembliesLoaded (0ms)
			ExecutionOrderSort2 (0ms)
			AwakeInstancesAfterBackupRestoration (5ms)
Platform modules already initialized, skipping
========================================================================
Worker process is ready to serve import requests
Launched and connected shader compiler UnityShaderCompiler.exe after 0.04 seconds
Refreshing native plugins compatible for Editor in 0.75 ms, found 4 plugins.
Preloading 0 native plugins for Editor in 0.00 ms.
Unloading 4058 Unused Serialized files (Serialized files now loaded: 0)
Unloading 44 unused Assets / (222.8 KB). Loaded Objects now: 4510.
Memory consumption went from 151.1 MB to 150.8 MB.
Total: 4.357100 ms (FindLiveObjects: 0.351900 ms CreateObjectMapping: 0.304900 ms MarkObjects: 3.404100 ms  DeleteObjects: 0.294800 ms)

AssetImportParameters requested are different than current active one (requested -> active):
  custom:video-decoder-ogg-theora: a1e56fd34408186e4bbccfd4996cb3dc -> 
  custom:container-muxer-webm: aa71ff27fc2769a1b78a27578f13a17b -> 
  custom:container-demuxer-webm: 4f35f7cbe854078d1ac9338744f61a02 -> 
  custom:video-encoder-webm-vp8: eb34c28f22e8b96e1ab97ce403110664 -> 
  custom:audio-encoder-webm-vorbis: bf7c407c2cedff20999df2af8eb42d56 -> 
  custom:framework-win-MediaFoundation: 216162199b28c13a410421893ffa2e32 -> 
  custom:container-demuxer-ogg: 62fdf1f143b41e24485cea50d1cbac27 -> 
  custom:video-decoder-webm-vp8: 9c59270c3fd7afecdb556c50c9e8de78 -> 
  custom:audio-decoder-ogg-vorbis: bf7c407c2cedff20999df2af8eb42d56 -> 
========================================================================
Received Import Request.
  Time since last request: 202192.434427 seconds.
  path: Assets/Materials/Palettes/Platform Pallet/platform_tile_001.asset
  artifactKey: Guid(facb75c01525fa943bb1d40b4ef49ab2) Importer(815301076,1909f56bfc062723c751e8b465ee728b)
Start importing Assets/Materials/Palettes/Platform Pallet/platform_tile_001.asset using Guid(facb75c01525fa943bb1d40b4ef49ab2) Importer(815301076,1909f56bfc062723c751e8b465ee728b)  -> (artifact id: '4030fd9330e55a58bf343b3ffdd70ae5') in 0.071020 seconds 
========================================================================
Received Import Request.
  Time since last request: 0.000031 seconds.
  path: Assets/Materials/Palettes/Platform Pallet/platform_tile_004.asset
  artifactKey: Guid(d3ed5b65f5547964285865a61e81336a) Importer(815301076,1909f56bfc062723c751e8b465ee728b)
Start importing Assets/Materials/Palettes/Platform Pallet/platform_tile_004.asset using Guid(d3ed5b65f5547964285865a61e81336a) Importer(815301076,1909f56bfc062723c751e8b465ee728b)  -> (artifact id: 'eaed66e00626bd5371a547bd1ca1a6e5') in 0.019233 seconds 
========================================================================
Received Import Request.
  Time since last request: 0.000047 seconds.
  path: Assets/Materials/Palettes/Platform Pallet/platform_tile_024.asset
  artifactKey: Guid(75207c3ce8e24914b9c689fbcb055571) Importer(815301076,1909f56bfc062723c751e8b465ee728b)
Start importing Assets/Materials/Palettes/Platform Pallet/platform_tile_024.asset using Guid(75207c3ce8e24914b9c689fbcb055571) Importer(815301076,1909f56bfc062723c751e8b465ee728b)  -> (artifact id: '5449a5cba427dd4858c3aeb899a7842f') in 0.015090 seconds 
========================================================================
Received Import Request.
  Time since last request: 0.000021 seconds.
  path: Assets/Materials/Palettes/Platform Pallet/platform_tile_025.asset
  artifactKey: Guid(63e67cd519c13c64fa54b5b4404eeaee) Importer(815301076,1909f56bfc062723c751e8b465ee728b)
Start importing Assets/Materials/Palettes/Platform Pallet/platform_tile_025.asset using Guid(63e67cd519c13c64fa54b5b4404eeaee) Importer(815301076,1909f56bfc062723c751e8b465ee728b)  -> (artifact id: '1f6657b1a3953b628208fb0f48379340') in 0.016440 seconds 
========================================================================
Received Import Request.
  Time since last request: 0.000028 seconds.
  path: Assets/Materials/Palettes/Platform Pallet/platform_tile_003.asset
  artifactKey: Guid(b800e2e4cad0a9c4089ded97dd12824c) Importer(815301076,1909f56bfc062723c751e8b465ee728b)
Start importing Assets/Materials/Palettes/Platform Pallet/platform_tile_003.asset using Guid(b800e2e4cad0a9c4089ded97dd12824c) Importer(815301076,1909f56bfc062723c751e8b465ee728b)  -> (artifact id: '441b556dc7bdd4042d772ae0264ee141') in 0.023758 seconds 
========================================================================
Received Import Request.
  Time since last request: 0.000066 seconds.
  path: Assets/Materials/Palettes/Platform Pallet/platform_tile_011.asset
  artifactKey: Guid(f69f794652782284882f6daf73d324d5) Importer(815301076,1909f56bfc062723c751e8b465ee728b)
Start importing Assets/Materials/Palettes/Platform Pallet/platform_tile_011.asset using Guid(f69f794652782284882f6daf73d324d5) Importer(815301076,1909f56bfc062723c751e8b465ee728b)  -> (artifact id: 'cdd9fb8094ac43e10972641ec6b256d2') in 0.024834 seconds 
========================================================================
Received Import Request.
  Time since last request: 0.000047 seconds.
  path: Assets/Materials/Palettes/Platform Pallet/platform_tile_007.asset
  artifactKey: Guid(ffae9bd65ac5d574a999171b6e81856a) Importer(815301076,1909f56bfc062723c751e8b465ee728b)
Start importing Assets/Materials/Palettes/Platform Pallet/platform_tile_007.asset using Guid(ffae9bd65ac5d574a999171b6e81856a) Importer(815301076,1909f56bfc062723c751e8b465ee728b)  -> (artifact id: 'f6e4118f7dcb99aec10d93980edd21e0') in 0.026495 seconds 
========================================================================
Received Import Request.
  Time since last request: 0.000069 seconds.
  path: Assets/Materials/Palettes/Platform Pallet/platform_tile_027.asset
  artifactKey: Guid(2a7180a72761dab47a4db7b5f1ef9fc8) Importer(815301076,1909f56bfc062723c751e8b465ee728b)
Start importing Assets/Materials/Palettes/Platform Pallet/platform_tile_027.asset using Guid(2a7180a72761dab47a4db7b5f1ef9fc8) Importer(815301076,1909f56bfc062723c751e8b465ee728b)  -> (artifact id: 'a229feb18961891d93ddadccd15d5d79') in 0.025040 seconds 
========================================================================
Received Import Request.
  Time since last request: 0.000033 seconds.
  path: Assets/Materials/Palettes/Platform Pallet/platform_tile_022.asset
  artifactKey: Guid(a25bb9676bb64f64ca2b578a5a3dbd18) Importer(815301076,1909f56bfc062723c751e8b465ee728b)
Start importing Assets/Materials/Palettes/Platform Pallet/platform_tile_022.asset using Guid(a25bb9676bb64f64ca2b578a5a3dbd18) Importer(815301076,1909f56bfc062723c751e8b465ee728b)  -> (artifact id: 'eee6131b4c12de22681181a36e955982') in 0.023295 seconds 
========================================================================
Received Import Request.
  Time since last request: 0.000088 seconds.
  path: Assets/Materials/Palettes/Platform Pallet/platform_tile_012.asset
  artifactKey: Guid(9ff849ef5fb9a68418e368fe1abd7a80) Importer(815301076,1909f56bfc062723c751e8b465ee728b)
Start importing Assets/Materials/Palettes/Platform Pallet/platform_tile_012.asset using Guid(9ff849ef5fb9a68418e368fe1abd7a80) Importer(815301076,1909f56bfc062723c751e8b465ee728b)  -> (artifact id: '895f6d3c223576f09a36638b06f9117b') in 0.026868 seconds 
========================================================================
Received Import Request.
  Time since last request: 0.000112 seconds.
  path: Assets/Materials/Palettes/Platform Pallet/platform_tile_019.asset
  artifactKey: Guid(f915dc93860c84d48ad4e3b033186b5f) Importer(815301076,1909f56bfc062723c751e8b465ee728b)
Start importing Assets/Materials/Palettes/Platform Pallet/platform_tile_019.asset using Guid(f915dc93860c84d48ad4e3b033186b5f) Importer(815301076,1909f56bfc062723c751e8b465ee728b)  -> (artifact id: '3963a00d821552720e3730452ab56e57') in 0.023651 seconds 
========================================================================
Received Import Request.
  Time since last request: 0.000036 seconds.
  path: Assets/Materials/Palettes/Platform Pallet/platform_tile_020.asset
  artifactKey: Guid(e230bc7d561eca3428cd1fd0c2ebc0e4) Importer(815301076,1909f56bfc062723c751e8b465ee728b)
Start importing Assets/Materials/Palettes/Platform Pallet/platform_tile_020.asset using Guid(e230bc7d561eca3428cd1fd0c2ebc0e4) Importer(815301076,1909f56bfc062723c751e8b465ee728b)  -> (artifact id: 'b75b68592063aacaee46cefbd4bfc111') in 0.022102 seconds 
========================================================================
Received Import Request.
  Time since last request: 0.000023 seconds.
  path: Assets/Materials/Palettes/Platform Pallet/platform_tile_016.asset
  artifactKey: Guid(1504db8b25b36e14e82086bf64fe2789) Importer(815301076,1909f56bfc062723c751e8b465ee728b)
Start importing Assets/Materials/Palettes/Platform Pallet/platform_tile_016.asset using Guid(1504db8b25b36e14e82086bf64fe2789) Importer(815301076,1909f56bfc062723c751e8b465ee728b)  -> (artifact id: 'b6db6ac5f4f9a36c0af869c97d5a3f2e') in 0.027056 seconds 
========================================================================
Received Import Request.
  Time since last request: 0.000040 seconds.
  path: Assets/Materials/Palettes/Platform Pallet/platform_tile_015.asset
  artifactKey: Guid(b446eb979ba1e1c439c7adffb4f80021) Importer(815301076,1909f56bfc062723c751e8b465ee728b)
Start importing Assets/Materials/Palettes/Platform Pallet/platform_tile_015.asset using Guid(b446eb979ba1e1c439c7adffb4f80021) Importer(815301076,1909f56bfc062723c751e8b465ee728b)  -> (artifact id: '5818378cce747f661fb75a0bc412dc93') in 0.031331 seconds 
========================================================================
Received Import Request.
  Time since last request: 0.000058 seconds.
  path: Assets/Materials/Palettes/Platform Pallet/platform_tile_005.asset
  artifactKey: Guid(e958038e0e5082e4caef0d6230afbf82) Importer(815301076,1909f56bfc062723c751e8b465ee728b)
Start importing Assets/Materials/Palettes/Platform Pallet/platform_tile_005.asset using Guid(e958038e0e5082e4caef0d6230afbf82) Importer(815301076,1909f56bfc062723c751e8b465ee728b)  -> (artifact id: 'ad2c2bd19ab93ff85f32f8acee422a22') in 0.024115 seconds 
========================================================================
Received Import Request.
  Time since last request: 0.000041 seconds.
  path: Assets/Materials/Palettes/Platform Pallet/platform_tile_021.asset
  artifactKey: Guid(4718369302129534ea306dd3ae5d0048) Importer(815301076,1909f56bfc062723c751e8b465ee728b)
Start importing Assets/Materials/Palettes/Platform Pallet/platform_tile_021.asset using Guid(4718369302129534ea306dd3ae5d0048) Importer(815301076,1909f56bfc062723c751e8b465ee728b)  -> (artifact id: 'ef2ced019abd961648fc34bda683d3a3') in 0.023755 seconds 
========================================================================
Received Import Request.
  Time since last request: 0.000020 seconds.
  path: Assets/Materials/Palettes/Platform Pallet/platform_tile_023.asset
  artifactKey: Guid(0a13a0b0f13dbe94badf60159f653ea5) Importer(815301076,1909f56bfc062723c751e8b465ee728b)
Start importing Assets/Materials/Palettes/Platform Pallet/platform_tile_023.asset using Guid(0a13a0b0f13dbe94badf60159f653ea5) Importer(815301076,1909f56bfc062723c751e8b465ee728b)  -> (artifact id: '51669f5e4b4f2c94a978db34561a2bf8') in 0.018324 seconds 
========================================================================
Received Import Request.
  Time since last request: 0.000041 seconds.
  path: Assets/Materials/Palettes/Platform Pallet/platform_tile_013.asset
  artifactKey: Guid(57c74a06ef654f54596ee877517f2141) Importer(815301076,1909f56bfc062723c751e8b465ee728b)
Start importing Assets/Materials/Palettes/Platform Pallet/platform_tile_013.asset using Guid(57c74a06ef654f54596ee877517f2141) Importer(815301076,1909f56bfc062723c751e8b465ee728b)  -> (artifact id: '36b39f0c8a405e5a902849bb3c15ac5b') in 0.027231 seconds 
========================================================================
Received Import Request.
  Time since last request: 0.000023 seconds.
  path: Assets/Materials/Palettes/Platform Pallet/platform_tile_002.asset
  artifactKey: Guid(5d40112f2bd317b48b8721706253744e) Importer(815301076,1909f56bfc062723c751e8b465ee728b)
Start importing Assets/Materials/Palettes/Platform Pallet/platform_tile_002.asset using Guid(5d40112f2bd317b48b8721706253744e) Importer(815301076,1909f56bfc062723c751e8b465ee728b)  -> (artifact id: 'e5e20e7ca76e5079150b766669a1a0f9') in 0.025812 seconds 
========================================================================
Received Import Request.
  Time since last request: 3955.155088 seconds.
  path: Assets/Materials/Sprites/Platform/platform_tile_051.png
  artifactKey: Guid(d9498fcaafcd9b345bd2072064ebb5f3) Importer(815301076,1909f56bfc062723c751e8b465ee728b)
Start importing Assets/Materials/Sprites/Platform/platform_tile_051.png using Guid(d9498fcaafcd9b345bd2072064ebb5f3) Importer(815301076,1909f56bfc062723c751e8b465ee728b)  -> (artifact id: '0b716b801e72e3c7618aec21b424db44') in 0.180402 seconds 
========================================================================
Received Import Request.
  Time since last request: 0.000105 seconds.
  path: Assets/Materials/Sprites/Platform/platform_tile_052.png
  artifactKey: Guid(c833b41d6c9a0734cadaac67249b765b) Importer(815301076,1909f56bfc062723c751e8b465ee728b)
Start importing Assets/Materials/Sprites/Platform/platform_tile_052.png using Guid(c833b41d6c9a0734cadaac67249b765b) Importer(815301076,1909f56bfc062723c751e8b465ee728b)  -> (artifact id: '4c457af78cc77569b7a71799f0fc48b3') in 0.042858 seconds 
========================================================================
Received Import Request.
  Time since last request: 0.000052 seconds.
  path: Assets/Materials/Sprites/Platform/platform_tile_057.png
  artifactKey: Guid(9ab995c1bb2f4604bb0b1e03414af592) Importer(815301076,1909f56bfc062723c751e8b465ee728b)
Start importing Assets/Materials/Sprites/Platform/platform_tile_057.png using Guid(9ab995c1bb2f4604bb0b1e03414af592) Importer(815301076,1909f56bfc062723c751e8b465ee728b)  -> (artifact id: 'ba4b4298172ac49d54b2c6ff1709e2dd') in 0.037724 seconds 
========================================================================
Received Import Request.
  Time since last request: 0.119866 seconds.
  path: Assets/Materials/Sprites/Platform/platform_tile_059.png
  artifactKey: Guid(5aa9c851eb96a514eb7a18357c28a525) Importer(815301076,1909f56bfc062723c751e8b465ee728b)
Start importing Assets/Materials/Sprites/Platform/platform_tile_059.png using Guid(5aa9c851eb96a514eb7a18357c28a525) Importer(815301076,1909f56bfc062723c751e8b465ee728b)  -> (artifact id: 'a32c32bb11a2b04b5c3d5352e2a7e54a') in 0.032970 seconds 
========================================================================
Received Import Request.
  Time since last request: 0.000036 seconds.
  path: Assets/Materials/Sprites/Platform/platform_tile_063.png
  artifactKey: Guid(dbe92f7d99643c34cac2c25a6b9cf38d) Importer(815301076,1909f56bfc062723c751e8b465ee728b)
Start importing Assets/Materials/Sprites/Platform/platform_tile_063.png using Guid(dbe92f7d99643c34cac2c25a6b9cf38d) Importer(815301076,1909f56bfc062723c751e8b465ee728b)  -> (artifact id: '97f50e8c9c3ed90b1300a2c2b5c57796') in 0.048269 seconds 
========================================================================
Received Import Request.
  Time since last request: 0.000080 seconds.
  path: Assets/Materials/Sprites/Platform/platform_tile_062.png
  artifactKey: Guid(a80c97e48f8e6324eac3d13f1b661ae0) Importer(815301076,1909f56bfc062723c751e8b465ee728b)
Start importing Assets/Materials/Sprites/Platform/platform_tile_062.png using Guid(a80c97e48f8e6324eac3d13f1b661ae0) Importer(815301076,1909f56bfc062723c751e8b465ee728b)  -> (artifact id: 'cbaa4109d48b238b57e14e0e75b97184') in 0.037683 seconds 
========================================================================
Received Import Request.
  Time since last request: 0.000090 seconds.
  path: Assets/Materials/Sprites/Platform/platform_tile_064.png
  artifactKey: Guid(c564d730f8e2f75439d81a06589a6c54) Importer(815301076,1909f56bfc062723c751e8b465ee728b)
Start importing Assets/Materials/Sprites/Platform/platform_tile_064.png using Guid(c564d730f8e2f75439d81a06589a6c54) Importer(815301076,1909f56bfc062723c751e8b465ee728b)  -> (artifact id: 'f1d4e55c901836b2831c03ad211d16f7') in 0.035230 seconds 
========================================================================
Received Import Request.
  Time since last request: 0.169740 seconds.
  path: Assets/Materials/Sprites/Platform/platform_tile_067.png
  artifactKey: Guid(7edc753e2b213314797ce3580aaaa7dd) Importer(815301076,1909f56bfc062723c751e8b465ee728b)
Start importing Assets/Materials/Sprites/Platform/platform_tile_067.png using Guid(7edc753e2b213314797ce3580aaaa7dd) Importer(815301076,1909f56bfc062723c751e8b465ee728b)  -> (artifact id: '2fc459eb93b2437d5ee787cab01d5415') in 0.032508 seconds 
========================================================================
Received Import Request.
  Time since last request: 0.000048 seconds.
  path: Assets/Materials/Sprites/Platform/platform_tile_072.png
  artifactKey: Guid(0835c0cb4df3fde47836e2df9ba2699f) Importer(815301076,1909f56bfc062723c751e8b465ee728b)
Start importing Assets/Materials/Sprites/Platform/platform_tile_072.png using Guid(0835c0cb4df3fde47836e2df9ba2699f) Importer(815301076,1909f56bfc062723c751e8b465ee728b)  -> (artifact id: '2a4083ac5b3a14e33710fc94b88d01c9') in 0.055612 seconds 
========================================================================
Received Import Request.
  Time since last request: 0.000041 seconds.
  path: Assets/Materials/Sprites/Platform/platform_tile_069.png
  artifactKey: Guid(d4f2486c2953e054eab5de9dd394f6d8) Importer(815301076,1909f56bfc062723c751e8b465ee728b)
Start importing Assets/Materials/Sprites/Platform/platform_tile_069.png using Guid(d4f2486c2953e054eab5de9dd394f6d8) Importer(815301076,1909f56bfc062723c751e8b465ee728b)  -> (artifact id: 'ec90d3604b591db52d4517931b27d007') in 0.035876 seconds 
========================================================================
Received Import Request.
  Time since last request: 169.784171 seconds.
  path: Assets/Materials/Sprites/Karakter/1 Woodcutter/Woodcutter_attack1.png
  artifactKey: Guid(69d45e63f6c0b7a4b872c4972bea34e4) Importer(815301076,1909f56bfc062723c751e8b465ee728b)
Start importing Assets/Materials/Sprites/Karakter/1 Woodcutter/Woodcutter_attack1.png using Guid(69d45e63f6c0b7a4b872c4972bea34e4) Importer(815301076,1909f56bfc062723c751e8b465ee728b)  -> (artifact id: 'f0582f36d881e22f1bc93a3aa3effe8e') in 0.031667 seconds 
========================================================================
Received Import Request.
  Time since last request: 0.000029 seconds.
  path: Assets/Materials/Sprites/Karakter/1 Woodcutter/Woodcutter_push.png
  artifactKey: Guid(4764fb4dacb5a5641aee231443b00924) Importer(815301076,1909f56bfc062723c751e8b465ee728b)
Start importing Assets/Materials/Sprites/Karakter/1 Woodcutter/Woodcutter_push.png using Guid(4764fb4dacb5a5641aee231443b00924) Importer(815301076,1909f56bfc062723c751e8b465ee728b)  -> (artifact id: 'a96b2c0e22634790bfd7ee58a8653012') in 0.040575 seconds 
========================================================================
Received Import Request.
  Time since last request: 0.000040 seconds.
  path: Assets/Materials/Sprites/Karakter/1 Woodcutter/Woodcutter_craft.png
  artifactKey: Guid(871bedbb193a4e649a469780209946e3) Importer(815301076,1909f56bfc062723c751e8b465ee728b)
Start importing Assets/Materials/Sprites/Karakter/1 Woodcutter/Woodcutter_craft.png using Guid(871bedbb193a4e649a469780209946e3) Importer(815301076,1909f56bfc062723c751e8b465ee728b)  -> (artifact id: 'ef3ba28b7343ceb15df70b041c9ef63c') in 0.040632 seconds 
========================================================================
Received Import Request.
  Time since last request: 0.000074 seconds.
  path: Assets/Materials/Sprites/Karakter/1 Woodcutter/Woodcutter_jump3.png
  artifactKey: Guid(52fe847a23d3bc341b0f8b3a3aacaa83) Importer(815301076,1909f56bfc062723c751e8b465ee728b)
Start importing Assets/Materials/Sprites/Karakter/1 Woodcutter/Woodcutter_jump3.png using Guid(52fe847a23d3bc341b0f8b3a3aacaa83) Importer(815301076,1909f56bfc062723c751e8b465ee728b)  -> (artifact id: 'ccaa4a6132f1cbe5785a708f173f8b4a') in 0.359114 seconds 
========================================================================
Received Import Request.
  Time since last request: 0.000050 seconds.
  path: Assets/Materials/Sprites/Karakter/1 Woodcutter/Woodcutter_death.png
  artifactKey: Guid(d34de4eb666abaf4084f86edd662f76a) Importer(815301076,1909f56bfc062723c751e8b465ee728b)
Start importing Assets/Materials/Sprites/Karakter/1 Woodcutter/Woodcutter_death.png using Guid(d34de4eb666abaf4084f86edd662f76a) Importer(815301076,1909f56bfc062723c751e8b465ee728b)  -> (artifact id: '07d89b9f972b988c918ca3e0489115a7') in 0.041833 seconds 
========================================================================
Received Import Request.
  Time since last request: 0.000025 seconds.
  path: Assets/Materials/Sprites/Karakter/1 Woodcutter/Woodcutter_jump1.png
  artifactKey: Guid(a3334d56206004c4fa0033d339a6a11b) Importer(815301076,1909f56bfc062723c751e8b465ee728b)
Start importing Assets/Materials/Sprites/Karakter/1 Woodcutter/Woodcutter_jump1.png using Guid(a3334d56206004c4fa0033d339a6a11b) Importer(815301076,1909f56bfc062723c751e8b465ee728b)  -> (artifact id: '9d1a7eb5473007978ddac7444ab095ec') in 0.313311 seconds 
========================================================================
Received Import Request.
  Time since last request: 0.000099 seconds.
  path: Assets/Materials/Sprites/Karakter/1 Woodcutter/Woodcutter_attack3.png
  artifactKey: Guid(15f366d0608122a40a102f7023f8273e) Importer(815301076,1909f56bfc062723c751e8b465ee728b)
Start importing Assets/Materials/Sprites/Karakter/1 Woodcutter/Woodcutter_attack3.png using Guid(15f366d0608122a40a102f7023f8273e) Importer(815301076,1909f56bfc062723c751e8b465ee728b)  -> (artifact id: '857ac1ae91b689b9261805ced5297a7d') in 0.046720 seconds 
========================================================================
Received Import Request.
  Time since last request: 0.000057 seconds.
  path: Assets/Materials/Sprites/Karakter/1 Woodcutter/Woodcutter_hurt.png
  artifactKey: Guid(0c7041750711dcf4ebff129c323d44ac) Importer(815301076,1909f56bfc062723c751e8b465ee728b)
Start importing Assets/Materials/Sprites/Karakter/1 Woodcutter/Woodcutter_hurt.png using Guid(0c7041750711dcf4ebff129c323d44ac) Importer(815301076,1909f56bfc062723c751e8b465ee728b)  -> (artifact id: '922ac57b1a77befe2a8f028206b054f1') in 0.044897 seconds 
========================================================================
Received Import Request.
  Time since last request: 0.000034 seconds.
  path: Assets/Materials/Sprites/Karakter/1 Woodcutter/Woodcutter_jump2.png
  artifactKey: Guid(c2b907d90f09a9949ba5fcbfe4689e2a) Importer(815301076,1909f56bfc062723c751e8b465ee728b)
Start importing Assets/Materials/Sprites/Karakter/1 Woodcutter/Woodcutter_jump2.png using Guid(c2b907d90f09a9949ba5fcbfe4689e2a) Importer(815301076,1909f56bfc062723c751e8b465ee728b)  -> (artifact id: 'fbd2b5b435dcd31f5b4801d377f291aa') in 0.319521 seconds 
========================================================================
Received Import Request.
  Time since last request: 0.000041 seconds.
  path: Assets/Materials/Sprites/Karakter/1 Woodcutter/Woodcutter_walk.png
  artifactKey: Guid(f8ab1e3abbbf9e847b2821ad99e3933b) Importer(815301076,1909f56bfc062723c751e8b465ee728b)
Start importing Assets/Materials/Sprites/Karakter/1 Woodcutter/Woodcutter_walk.png using Guid(f8ab1e3abbbf9e847b2821ad99e3933b) Importer(815301076,1909f56bfc062723c751e8b465ee728b)  -> (artifact id: '14f166ce2f6d4e03755cabdd2514f22b') in 0.039036 seconds 
