Using pre-set license
Built from '2021.3/staging' branch; Version is '2021.3.6f1 (7da38d85baf6) revision 8233869'; Using compiler version '192829333'; Build Type 'Release'
OS: 'Windows 10  (10.0.19044) 64bit Core' Language: 'tr' Physical Memory: 7981 MB
BatchMode: 1, IsHumanControllingUs: 0, StartBugReporterOnCrash: 0, Is64bit: 1, IsPro: 1

COMMAND LINE ARGUMENTS:
C:\Program Files\Unity\Hub\Editor\2021.3.6f1\Editor\Unity.exe
-adb2
-batchMode
-noUpm
-name
AssetImportWorker0
-projectPath
C:/Unity Project/AdventuresOfVoyager/AdventuresOfVoyager
-logFile
Logs/AssetImportWorker0.log
-srvPort
61529
Successfully changed project path to: C:/Unity Project/AdventuresOfVoyager/AdventuresOfVoyager
C:/Unity Project/AdventuresOfVoyager/AdventuresOfVoyager
[UnityMemory] Configuration Parameters - Can be set up in boot.config
    "memorysetup-bucket-allocator-granularity=16"
    "memorysetup-bucket-allocator-bucket-count=8"
    "memorysetup-bucket-allocator-block-size=33554432"
    "memorysetup-bucket-allocator-block-count=8"
    "memorysetup-main-allocator-block-size=16777216"
    "memorysetup-thread-allocator-block-size=16777216"
    "memorysetup-gfx-main-allocator-block-size=16777216"
    "memorysetup-gfx-thread-allocator-block-size=16777216"
    "memorysetup-cache-allocator-block-size=4194304"
    "memorysetup-typetree-allocator-block-size=2097152"
    "memorysetup-profiler-bucket-allocator-granularity=16"
    "memorysetup-profiler-bucket-allocator-bucket-count=8"
    "memorysetup-profiler-bucket-allocator-block-size=33554432"
    "memorysetup-profiler-bucket-allocator-block-count=8"
    "memorysetup-profiler-allocator-block-size=16777216"
    "memorysetup-profiler-editor-allocator-block-size=1048576"
    "memorysetup-temp-allocator-size-main=16777216"
    "memorysetup-job-temp-allocator-block-size=2097152"
    "memorysetup-job-temp-allocator-block-size-background=1048576"
    "memorysetup-job-temp-allocator-reduction-small-platforms=262144"
    "memorysetup-temp-allocator-size-background-worker=32768"
    "memorysetup-temp-allocator-size-job-worker=262144"
    "memorysetup-temp-allocator-size-preload-manager=33554432"
    "memorysetup-temp-allocator-size-nav-mesh-worker=65536"
    "memorysetup-temp-allocator-size-audio-worker=65536"
    "memorysetup-temp-allocator-size-cloud-worker=32768"
    "memorysetup-temp-allocator-size-gi-baking-worker=262144"
    "memorysetup-temp-allocator-size-gfx=262144"
Refreshing native plugins compatible for Editor in 107.13 ms, found 4 plugins.
Preloading 0 native plugins for Editor in 0.00 ms.
Initialize engine version: 2021.3.6f1 (7da38d85baf6)
[Subsystems] Discovering subsystems at path C:/Program Files/Unity/Hub/Editor/2021.3.6f1/Editor/Data/Resources/UnitySubsystems
[Subsystems] Discovering subsystems at path C:/Unity Project/AdventuresOfVoyager/AdventuresOfVoyager/Assets
GfxDevice: creating device client; threaded=0; jobified=0
Direct3D:
    Version:  Direct3D 11.0 [level 11.1]
    Renderer: NVIDIA GeForce GTX 1650 (ID=0x1f99)
    Vendor:   NVIDIA
    VRAM:     3962 MB
    Driver:   27.21.14.5638
Initialize mono
Mono path[0] = 'C:/Program Files/Unity/Hub/Editor/2021.3.6f1/Editor/Data/Managed'
Mono path[1] = 'C:/Program Files/Unity/Hub/Editor/2021.3.6f1/Editor/Data/MonoBleedingEdge/lib/mono/unityjit-win32'
Mono config path = 'C:/Program Files/Unity/Hub/Editor/2021.3.6f1/Editor/Data/MonoBleedingEdge/etc'
Using monoOptions --debugger-agent=transport=dt_socket,embedding=1,server=y,suspend=n,address=127.0.0.1:56056
Begin MonoManager ReloadAssembly
Registering precompiled unity dll's ...
Register platform support module: C:/Program Files/Unity/Hub/Editor/2021.3.6f1/Editor/Data/PlaybackEngines/AndroidPlayer/UnityEditor.Android.Extensions.dll
Register platform support module: C:/Program Files/Unity/Hub/Editor/2021.3.6f1/Editor/Data/PlaybackEngines/iOSSupport/UnityEditor.iOS.Extensions.dll
Register platform support module: C:/Program Files/Unity/Hub/Editor/2021.3.6f1/Editor/Data/PlaybackEngines/WindowsStandaloneSupport/UnityEditor.WindowsStandalone.Extensions.dll
Registered in 0.010841 seconds.
Native extension for WindowsStandalone target not found
[usbmuxd] Start listen thread
[usbmuxd] Listen thread started
Native extension for iOS target not found
Native extension for Android target not found
Refreshing native plugins compatible for Editor in 99.14 ms, found 4 plugins.
Preloading 0 native plugins for Editor in 0.00 ms.
Mono: successfully reloaded assembly
- Completed reload, in  0.724 seconds
Domain Reload Profiling:
	ReloadAssembly (725ms)
		BeginReloadAssembly (89ms)
			ExecutionOrderSort (0ms)
			DisableScriptedObjects (0ms)
			BackupInstance (0ms)
			ReleaseScriptingObjects (0ms)
			CreateAndSetChildDomain (1ms)
		EndReloadAssembly (518ms)
			LoadAssemblies (86ms)
			RebuildTransferFunctionScriptingTraits (0ms)
			SetupTypeCache (114ms)
			ReleaseScriptCaches (0ms)
			RebuildScriptCaches (28ms)
			SetupLoadedEditorAssemblies (324ms)
				LogAssemblyErrors (0ms)
				InitializePlatformSupportModulesInManaged (75ms)
				SetLoadedEditorAssemblies (0ms)
				RefreshPlugins (99ms)
				BeforeProcessingInitializeOnLoad (1ms)
				ProcessInitializeOnLoadAttributes (104ms)
				ProcessInitializeOnLoadMethodAttributes (44ms)
				AfterProcessingInitializeOnLoad (0ms)
				EditorAssembliesLoaded (0ms)
			ExecutionOrderSort2 (0ms)
			AwakeInstancesAfterBackupRestoration (0ms)
Platform modules already initialized, skipping
Registering precompiled user dll's ...
Registered in 0.008621 seconds.
Begin MonoManager ReloadAssembly
Symbol file LoadedFromMemory doesn't match image C:\Unity Project\AdventuresOfVoyager\AdventuresOfVoyager\Library\PackageCache\com.unity.visualscripting@1.7.8\Editor\VisualScripting.Core\Dependencies\YamlDotNet\Unity.VisualScripting.YamlDotNet.dll
Symbol file LoadedFromMemory doesn't match image C:\Unity Project\AdventuresOfVoyager\AdventuresOfVoyager\Library\PackageCache\com.unity.visualscripting@1.7.8\Editor\VisualScripting.Core\Dependencies\DotNetZip\Unity.VisualScripting.IonicZip.dll
Native extension for WindowsStandalone target not found
Native extension for iOS target not found
Native extension for Android target not found
Refreshing native plugins compatible for Editor in 107.16 ms, found 4 plugins.
Preloading 0 native plugins for Editor in 0.00 ms.
Mono: successfully reloaded assembly
- Completed reload, in  1.387 seconds
Domain Reload Profiling:
	ReloadAssembly (1388ms)
		BeginReloadAssembly (235ms)
			ExecutionOrderSort (0ms)
			DisableScriptedObjects (7ms)
			BackupInstance (0ms)
			ReleaseScriptingObjects (0ms)
			CreateAndSetChildDomain (132ms)
		EndReloadAssembly (1028ms)
			LoadAssemblies (101ms)
			RebuildTransferFunctionScriptingTraits (0ms)
			SetupTypeCache (268ms)
			ReleaseScriptCaches (1ms)
			RebuildScriptCaches (69ms)
			SetupLoadedEditorAssemblies (538ms)
				LogAssemblyErrors (0ms)
				InitializePlatformSupportModulesInManaged (28ms)
				SetLoadedEditorAssemblies (0ms)
				RefreshPlugins (107ms)
				BeforeProcessingInitializeOnLoad (112ms)
				ProcessInitializeOnLoadAttributes (238ms)
				ProcessInitializeOnLoadMethodAttributes (44ms)
				AfterProcessingInitializeOnLoad (9ms)
				EditorAssembliesLoaded (0ms)
			ExecutionOrderSort2 (0ms)
			AwakeInstancesAfterBackupRestoration (5ms)
Platform modules already initialized, skipping
========================================================================
Worker process is ready to serve import requests
Launched and connected shader compiler UnityShaderCompiler.exe after 0.05 seconds
Refreshing native plugins compatible for Editor in 1.09 ms, found 4 plugins.
Preloading 0 native plugins for Editor in 0.00 ms.
Unloading 4058 Unused Serialized files (Serialized files now loaded: 0)
Unloading 44 unused Assets / (222.8 KB). Loaded Objects now: 4510.
Memory consumption went from 151.1 MB to 150.9 MB.
Total: 3.964000 ms (FindLiveObjects: 0.347700 ms CreateObjectMapping: 0.326500 ms MarkObjects: 3.022800 ms  DeleteObjects: 0.265700 ms)

AssetImportParameters requested are different than current active one (requested -> active):
  custom:video-decoder-ogg-theora: a1e56fd34408186e4bbccfd4996cb3dc -> 
  custom:container-muxer-webm: aa71ff27fc2769a1b78a27578f13a17b -> 
  custom:container-demuxer-webm: 4f35f7cbe854078d1ac9338744f61a02 -> 
  custom:video-encoder-webm-vp8: eb34c28f22e8b96e1ab97ce403110664 -> 
  custom:audio-encoder-webm-vorbis: bf7c407c2cedff20999df2af8eb42d56 -> 
  custom:framework-win-MediaFoundation: 216162199b28c13a410421893ffa2e32 -> 
  custom:container-demuxer-ogg: 62fdf1f143b41e24485cea50d1cbac27 -> 
  custom:video-decoder-webm-vp8: 9c59270c3fd7afecdb556c50c9e8de78 -> 
  custom:audio-decoder-ogg-vorbis: bf7c407c2cedff20999df2af8eb42d56 -> 
========================================================================
Received Import Request.
  Time since last request: 201232.494388 seconds.
  path: Assets/Scenes/Level5.unity
  artifactKey: Guid(7f8e03f6aff747a49b8c1e8f83d0b2d6) Importer(815301076,1909f56bfc062723c751e8b465ee728b)
Start importing Assets/Scenes/Level5.unity using Guid(7f8e03f6aff747a49b8c1e8f83d0b2d6) Importer(815301076,1909f56bfc062723c751e8b465ee728b)  -> (artifact id: 'a3d3478054fbf3362cc354cfc288b658') in 0.013728 seconds 
========================================================================
Received Import Request.
  Time since last request: 959.916906 seconds.
  path: Assets/Materials/Palettes/Platform Pallet/Platform Pallets.prefab
  artifactKey: Guid(2f8df23826e331f41997f58af8f33765) Importer(815301076,1909f56bfc062723c751e8b465ee728b)
Start importing Assets/Materials/Palettes/Platform Pallet/Platform Pallets.prefab using Guid(2f8df23826e331f41997f58af8f33765) Importer(815301076,1909f56bfc062723c751e8b465ee728b)  -> (artifact id: '00d6c14ae3fa61c05379f8295037732b') in 0.333896 seconds 
========================================================================
Received Import Request.
  Time since last request: 0.000114 seconds.
  path: Assets/Materials/Palettes/Platform Pallet/platform_tile_010.asset
  artifactKey: Guid(d847a4015783aa64985afeec68c4b9c4) Importer(815301076,1909f56bfc062723c751e8b465ee728b)
Start importing Assets/Materials/Palettes/Platform Pallet/platform_tile_010.asset using Guid(d847a4015783aa64985afeec68c4b9c4) Importer(815301076,1909f56bfc062723c751e8b465ee728b)  -> (artifact id: '89e4a83f7ee09a7ccf09f0395a2e298e') in 0.030542 seconds 
========================================================================
Received Import Request.
  Time since last request: 0.000072 seconds.
  path: Assets/Materials/Palettes/Platform Pallet/platform_tile_008.asset
  artifactKey: Guid(438cd1235f1684845835b84d09e12dd4) Importer(815301076,1909f56bfc062723c751e8b465ee728b)
Start importing Assets/Materials/Palettes/Platform Pallet/platform_tile_008.asset using Guid(438cd1235f1684845835b84d09e12dd4) Importer(815301076,1909f56bfc062723c751e8b465ee728b)  -> (artifact id: '42a3190091bf65f8da26c61b0bd07c82') in 0.024360 seconds 
========================================================================
Received Import Request.
  Time since last request: 0.000096 seconds.
  path: Assets/Materials/Palettes/Platform Pallet/platform_tile_018.asset
  artifactKey: Guid(923dca8d04b9f304699477b60249acda) Importer(815301076,1909f56bfc062723c751e8b465ee728b)
Start importing Assets/Materials/Palettes/Platform Pallet/platform_tile_018.asset using Guid(923dca8d04b9f304699477b60249acda) Importer(815301076,1909f56bfc062723c751e8b465ee728b)  -> (artifact id: '626f9a113c940abbe00c8fb8d5f6d81d') in 0.027456 seconds 
========================================================================
Received Import Request.
  Time since last request: 0.000025 seconds.
  path: Assets/Materials/Palettes/Platform Pallet/platform_tile_009.asset
  artifactKey: Guid(c854ee4ab53cddb49a88e8e58d406e61) Importer(815301076,1909f56bfc062723c751e8b465ee728b)
Start importing Assets/Materials/Palettes/Platform Pallet/platform_tile_009.asset using Guid(c854ee4ab53cddb49a88e8e58d406e61) Importer(815301076,1909f56bfc062723c751e8b465ee728b)  -> (artifact id: 'f36d903bfd45ead7c40d7d0bf9bf662a') in 0.029208 seconds 
========================================================================
Received Import Request.
  Time since last request: 0.000046 seconds.
  path: Assets/Materials/Palettes/Platform Pallet/platform_tile_017.asset
  artifactKey: Guid(8d76bdd5c9d9fb64881897e9feb39dce) Importer(815301076,1909f56bfc062723c751e8b465ee728b)
Start importing Assets/Materials/Palettes/Platform Pallet/platform_tile_017.asset using Guid(8d76bdd5c9d9fb64881897e9feb39dce) Importer(815301076,1909f56bfc062723c751e8b465ee728b)  -> (artifact id: '2bcd06d0f9d273a7abcc0d187f8348ed') in 0.031154 seconds 
========================================================================
Received Import Request.
  Time since last request: 0.000104 seconds.
  path: Assets/Materials/Palettes/Platform Pallet/platform_tile_014.asset
  artifactKey: Guid(8d2ff7533ab3fc54b8d50c2c1b2b29ea) Importer(815301076,1909f56bfc062723c751e8b465ee728b)
Start importing Assets/Materials/Palettes/Platform Pallet/platform_tile_014.asset using Guid(8d2ff7533ab3fc54b8d50c2c1b2b29ea) Importer(815301076,1909f56bfc062723c751e8b465ee728b)  -> (artifact id: 'df8ff85a07beb1681df3e74024801127') in 0.022299 seconds 
========================================================================
Received Import Request.
  Time since last request: 0.000074 seconds.
  path: Assets/Materials/Palettes/Platform Pallet/platform_tile_028.asset
  artifactKey: Guid(4bb44f7836f903a46a6642239252cfd0) Importer(815301076,1909f56bfc062723c751e8b465ee728b)
Start importing Assets/Materials/Palettes/Platform Pallet/platform_tile_028.asset using Guid(4bb44f7836f903a46a6642239252cfd0) Importer(815301076,1909f56bfc062723c751e8b465ee728b)  -> (artifact id: '2ba1a68278bad5fd30d00315b9ce274b') in 0.022396 seconds 
========================================================================
Received Import Request.
  Time since last request: 0.000041 seconds.
  path: Assets/Materials/Palettes/Platform Pallet/platform_tile_026.asset
  artifactKey: Guid(63ab5dba1f992724986e552a776ad92a) Importer(815301076,1909f56bfc062723c751e8b465ee728b)
Start importing Assets/Materials/Palettes/Platform Pallet/platform_tile_026.asset using Guid(63ab5dba1f992724986e552a776ad92a) Importer(815301076,1909f56bfc062723c751e8b465ee728b)  -> (artifact id: '242bd777118288c9f18d6bbb151cb159') in 0.024996 seconds 
========================================================================
Received Import Request.
  Time since last request: 0.000029 seconds.
  path: Assets/Materials/Palettes/Platform Pallet/platform_tile_006.asset
  artifactKey: Guid(b80f5b3c15bbfac45aa6293731a6ecc3) Importer(815301076,1909f56bfc062723c751e8b465ee728b)
Start importing Assets/Materials/Palettes/Platform Pallet/platform_tile_006.asset using Guid(b80f5b3c15bbfac45aa6293731a6ecc3) Importer(815301076,1909f56bfc062723c751e8b465ee728b)  -> (artifact id: '20103fec05c03cf0061c86846cea117f') in 0.025660 seconds 
========================================================================
Received Import Request.
  Time since last request: 3955.184716 seconds.
  path: Assets/Materials/Sprites/Platform/platform_tile_050.png
  artifactKey: Guid(256f55ff990d8e445b60a0c6c4d84cae) Importer(815301076,1909f56bfc062723c751e8b465ee728b)
Start importing Assets/Materials/Sprites/Platform/platform_tile_050.png using Guid(256f55ff990d8e445b60a0c6c4d84cae) Importer(815301076,1909f56bfc062723c751e8b465ee728b)  -> (artifact id: 'b966e53619ff68183c7265d34a680455') in 0.125533 seconds 
========================================================================
Received Import Request.
  Time since last request: 0.000096 seconds.
  path: Assets/Materials/Sprites/Platform/platform_tile_053.png
  artifactKey: Guid(3d8671d95a0e2b8409fb0259209a55b3) Importer(815301076,1909f56bfc062723c751e8b465ee728b)
Start importing Assets/Materials/Sprites/Platform/platform_tile_053.png using Guid(3d8671d95a0e2b8409fb0259209a55b3) Importer(815301076,1909f56bfc062723c751e8b465ee728b)  -> (artifact id: '4153d4e8c64376ba923289b50b762f4d') in 0.036302 seconds 
========================================================================
Received Import Request.
  Time since last request: 0.000048 seconds.
  path: Assets/Materials/Sprites/Platform/platform_tile_054.png
  artifactKey: Guid(8d6ce39bd7ee6974892d07d43c5edfe2) Importer(815301076,1909f56bfc062723c751e8b465ee728b)
Start importing Assets/Materials/Sprites/Platform/platform_tile_054.png using Guid(8d6ce39bd7ee6974892d07d43c5edfe2) Importer(815301076,1909f56bfc062723c751e8b465ee728b)  -> (artifact id: '81bf2288931a03b879a1775b973e81ce') in 0.043949 seconds 
========================================================================
Received Import Request.
  Time since last request: 0.000030 seconds.
  path: Assets/Materials/Sprites/Platform/platform_tile_056.png
  artifactKey: Guid(a42196000944ab848a3c987fba040ba1) Importer(815301076,1909f56bfc062723c751e8b465ee728b)
Start importing Assets/Materials/Sprites/Platform/platform_tile_056.png using Guid(a42196000944ab848a3c987fba040ba1) Importer(815301076,1909f56bfc062723c751e8b465ee728b)  -> (artifact id: '38ce2ebf1a97f11e2884ba153cf0b960') in 0.033638 seconds 
========================================================================
Received Import Request.
  Time since last request: 0.000056 seconds.
  path: Assets/Materials/Sprites/Platform/platform_tile_055.png
  artifactKey: Guid(8af704c3ac664834098c0981d9f64bd0) Importer(815301076,1909f56bfc062723c751e8b465ee728b)
Start importing Assets/Materials/Sprites/Platform/platform_tile_055.png using Guid(8af704c3ac664834098c0981d9f64bd0) Importer(815301076,1909f56bfc062723c751e8b465ee728b)  -> (artifact id: 'b35867d7f4ddcb6b1ed5410283ad2d62') in 0.032097 seconds 
========================================================================
Received Import Request.
  Time since last request: 0.103862 seconds.
  path: Assets/Materials/Sprites/Platform/platform_tile_058.png
  artifactKey: Guid(aa813a2f165d2bb498ec30391f57b69e) Importer(815301076,1909f56bfc062723c751e8b465ee728b)
Start importing Assets/Materials/Sprites/Platform/platform_tile_058.png using Guid(aa813a2f165d2bb498ec30391f57b69e) Importer(815301076,1909f56bfc062723c751e8b465ee728b)  -> (artifact id: 'b38630f004603c75ae5cd4fe13b65557') in 0.035112 seconds 
========================================================================
Received Import Request.
  Time since last request: 0.000027 seconds.
  path: Assets/Materials/Sprites/Platform/platform_tile_060.png
  artifactKey: Guid(374ebfd2afc394449974e6a10d295386) Importer(815301076,1909f56bfc062723c751e8b465ee728b)
Start importing Assets/Materials/Sprites/Platform/platform_tile_060.png using Guid(374ebfd2afc394449974e6a10d295386) Importer(815301076,1909f56bfc062723c751e8b465ee728b)  -> (artifact id: 'f92c460d2b9245a355c5c315e17f3d9f') in 0.036184 seconds 
========================================================================
Received Import Request.
  Time since last request: 0.000047 seconds.
  path: Assets/Materials/Sprites/Platform/platform_tile_061.png
  artifactKey: Guid(466a4040ad5b8cf46aad00be7ba97b75) Importer(815301076,1909f56bfc062723c751e8b465ee728b)
Start importing Assets/Materials/Sprites/Platform/platform_tile_061.png using Guid(466a4040ad5b8cf46aad00be7ba97b75) Importer(815301076,1909f56bfc062723c751e8b465ee728b)  -> (artifact id: 'cafe991298f339e94b437b4f2de38217') in 0.034114 seconds 
========================================================================
Received Import Request.
  Time since last request: 0.000052 seconds.
  path: Assets/Materials/Sprites/Platform/platform_tile_065.png
  artifactKey: Guid(f8d598cadfaa581479a2e5785b36a455) Importer(815301076,1909f56bfc062723c751e8b465ee728b)
Start importing Assets/Materials/Sprites/Platform/platform_tile_065.png using Guid(f8d598cadfaa581479a2e5785b36a455) Importer(815301076,1909f56bfc062723c751e8b465ee728b)  -> (artifact id: '01f86c0c520bf28f0045edfeab911367') in 0.042634 seconds 
========================================================================
Received Import Request.
  Time since last request: 0.172971 seconds.
  path: Assets/Materials/Sprites/Platform/platform_tile_066.png
  artifactKey: Guid(7c9739f3596fbbc4fb625738147cb5b8) Importer(815301076,1909f56bfc062723c751e8b465ee728b)
Start importing Assets/Materials/Sprites/Platform/platform_tile_066.png using Guid(7c9739f3596fbbc4fb625738147cb5b8) Importer(815301076,1909f56bfc062723c751e8b465ee728b)  -> (artifact id: '748cd012e1cf9cf0beb1778b3d40ba49') in 0.033845 seconds 
========================================================================
Received Import Request.
  Time since last request: 0.000047 seconds.
  path: Assets/Materials/Sprites/Platform/platform_tile_070.png
  artifactKey: Guid(bc00e0abb8a6ade449e8a4f6d5cde6c9) Importer(815301076,1909f56bfc062723c751e8b465ee728b)
Start importing Assets/Materials/Sprites/Platform/platform_tile_070.png using Guid(bc00e0abb8a6ade449e8a4f6d5cde6c9) Importer(815301076,1909f56bfc062723c751e8b465ee728b)  -> (artifact id: '4b42d5bd58468630160e4502094e105e') in 0.036757 seconds 
========================================================================
Received Import Request.
  Time since last request: 0.000072 seconds.
  path: Assets/Materials/Sprites/Platform/platform_tile_068.png
  artifactKey: Guid(0286c4b0803372847b8746d54f6cfb12) Importer(815301076,1909f56bfc062723c751e8b465ee728b)
Start importing Assets/Materials/Sprites/Platform/platform_tile_068.png using Guid(0286c4b0803372847b8746d54f6cfb12) Importer(815301076,1909f56bfc062723c751e8b465ee728b)  -> (artifact id: '6281e71ce98dee8b2435c09367f7def9') in 0.049297 seconds 
========================================================================
Received Import Request.
  Time since last request: 0.000060 seconds.
  path: Assets/Materials/Sprites/Platform/platform_tile_071.png
  artifactKey: Guid(78470b8e108632547b2c9c7dd4b69a27) Importer(815301076,1909f56bfc062723c751e8b465ee728b)
Start importing Assets/Materials/Sprites/Platform/platform_tile_071.png using Guid(78470b8e108632547b2c9c7dd4b69a27) Importer(815301076,1909f56bfc062723c751e8b465ee728b)  -> (artifact id: '975bbd710d54b583b2627b4d543d71b5') in 0.035974 seconds 
========================================================================
Received Import Request.
  Time since last request: 21.193614 seconds.
  path: Assets/Materials/Sprites/Platform/platform_tile_072.png
  artifactKey: Guid(0835c0cb4df3fde47836e2df9ba2699f) Importer(815301076,1909f56bfc062723c751e8b465ee728b)
Start importing Assets/Materials/Sprites/Platform/platform_tile_072.png using Guid(0835c0cb4df3fde47836e2df9ba2699f) Importer(815301076,1909f56bfc062723c751e8b465ee728b)  -> (artifact id: '0df3fcd428f09bcfabaae9316de4283e') in 0.044091 seconds 
========================================================================
Received Import Request.
  Time since last request: 18.444685 seconds.
  path: Assets/Materials/Sprites/Platform/platform_tile_072.png
  artifactKey: Guid(0835c0cb4df3fde47836e2df9ba2699f) Importer(815301076,1909f56bfc062723c751e8b465ee728b)
Start importing Assets/Materials/Sprites/Platform/platform_tile_072.png using Guid(0835c0cb4df3fde47836e2df9ba2699f) Importer(815301076,1909f56bfc062723c751e8b465ee728b)  -> (artifact id: '08e112f27eff06943958886b02d9779f') in 0.038692 seconds 
========================================================================
Received Import Request.
  Time since last request: 9.561400 seconds.
  path: Assets/Materials/Sprites/Platform/platform_tile_072.png
  artifactKey: Guid(0835c0cb4df3fde47836e2df9ba2699f) Importer(815301076,1909f56bfc062723c751e8b465ee728b)
Start importing Assets/Materials/Sprites/Platform/platform_tile_072.png using Guid(0835c0cb4df3fde47836e2df9ba2699f) Importer(815301076,1909f56bfc062723c751e8b465ee728b)  -> (artifact id: '62418f1ec240b597e24eb14971c084c6') in 0.040089 seconds 
========================================================================
Received Import Request.
  Time since last request: 120.336941 seconds.
  path: Assets/Materials/Sprites/Karakter/1 Woodcutter
  artifactKey: Guid(db2af2001cb1172418281cc7aedb94d9) Importer(815301076,1909f56bfc062723c751e8b465ee728b)
Start importing Assets/Materials/Sprites/Karakter/1 Woodcutter using Guid(db2af2001cb1172418281cc7aedb94d9) Importer(815301076,1909f56bfc062723c751e8b465ee728b)  -> (artifact id: '7eaafd74762f31e462c40f43df785773') in 0.009716 seconds 
========================================================================
Received Import Request.
  Time since last request: 0.024059 seconds.
  path: Assets/Materials/Sprites/Karakter/1 Woodcutter/Woodcutter.png
  artifactKey: Guid(2140ba0c33580a946af847e75027047e) Importer(815301076,1909f56bfc062723c751e8b465ee728b)
Start importing Assets/Materials/Sprites/Karakter/1 Woodcutter/Woodcutter.png using Guid(2140ba0c33580a946af847e75027047e) Importer(815301076,1909f56bfc062723c751e8b465ee728b)  -> (artifact id: 'de753b69ae27fc9d68471ed159b7f67d') in 0.033787 seconds 
========================================================================
Received Import Request.
  Time since last request: 0.000021 seconds.
  path: Assets/Materials/Sprites/Karakter/1 Woodcutter/Woodcutter_attack2.png
  artifactKey: Guid(1c230351688e33145bd7af1502c75750) Importer(815301076,1909f56bfc062723c751e8b465ee728b)
Start importing Assets/Materials/Sprites/Karakter/1 Woodcutter/Woodcutter_attack2.png using Guid(1c230351688e33145bd7af1502c75750) Importer(815301076,1909f56bfc062723c751e8b465ee728b)  -> (artifact id: '8caebae03b93c6f066858d369e4d1e34') in 0.041285 seconds 
========================================================================
Received Import Request.
  Time since last request: 0.000048 seconds.
  path: Assets/Materials/Sprites/Karakter/1 Woodcutter/Woodcutter_idle.png
  artifactKey: Guid(98a305febf2a0f748a9106d98a6af8f4) Importer(815301076,1909f56bfc062723c751e8b465ee728b)
Start importing Assets/Materials/Sprites/Karakter/1 Woodcutter/Woodcutter_idle.png using Guid(98a305febf2a0f748a9106d98a6af8f4) Importer(815301076,1909f56bfc062723c751e8b465ee728b)  -> (artifact id: '230e89258af30079798196b00f5c6990') in 0.041918 seconds 
========================================================================
Received Import Request.
  Time since last request: 0.000082 seconds.
  path: Assets/Materials/Sprites/Karakter/1 Woodcutter/Woodcutter_jump5.png
  artifactKey: Guid(cd65075f0ba77794287c09c7e3ae67cb) Importer(815301076,1909f56bfc062723c751e8b465ee728b)
Start importing Assets/Materials/Sprites/Karakter/1 Woodcutter/Woodcutter_jump5.png using Guid(cd65075f0ba77794287c09c7e3ae67cb) Importer(815301076,1909f56bfc062723c751e8b465ee728b)  -> (artifact id: '1aac5ff2ff622ee92e7fb4923af7c74f') in 0.355852 seconds 
========================================================================
Received Import Request.
  Time since last request: 0.000076 seconds.
  path: Assets/Materials/Sprites/Karakter/1 Woodcutter/Woodcutter_run.png
  artifactKey: Guid(195a4ca5c0b1b8f4fa9268be91ba10e1) Importer(815301076,1909f56bfc062723c751e8b465ee728b)
Start importing Assets/Materials/Sprites/Karakter/1 Woodcutter/Woodcutter_run.png using Guid(195a4ca5c0b1b8f4fa9268be91ba10e1) Importer(815301076,1909f56bfc062723c751e8b465ee728b)  -> (artifact id: '02a8a3a25e612d94f48f1915807bb053') in 0.041713 seconds 
========================================================================
Received Import Request.
  Time since last request: 0.000038 seconds.
  path: Assets/Materials/Sprites/Karakter/1 Woodcutter/Woodcutter_jump6.png
  artifactKey: Guid(aef1baa6d5aee4f4892dae3443474bb1) Importer(815301076,1909f56bfc062723c751e8b465ee728b)
Start importing Assets/Materials/Sprites/Karakter/1 Woodcutter/Woodcutter_jump6.png using Guid(aef1baa6d5aee4f4892dae3443474bb1) Importer(815301076,1909f56bfc062723c751e8b465ee728b)  -> (artifact id: '8409f81f6bd8112d4a87748280b634d3') in 0.322923 seconds 
========================================================================
Received Import Request.
  Time since last request: 0.000047 seconds.
  path: Assets/Materials/Sprites/Karakter/1 Woodcutter/Woodcutter_climb.png
  artifactKey: Guid(cda7f10e6037cbd47a2a988f6e6b05ea) Importer(815301076,1909f56bfc062723c751e8b465ee728b)
Start importing Assets/Materials/Sprites/Karakter/1 Woodcutter/Woodcutter_climb.png using Guid(cda7f10e6037cbd47a2a988f6e6b05ea) Importer(815301076,1909f56bfc062723c751e8b465ee728b)  -> (artifact id: '2569a4a99c7c9a77122d3b9bf5269bd2') in 0.051711 seconds 
========================================================================
Received Import Request.
  Time since last request: 0.000088 seconds.
  path: Assets/Materials/Sprites/Karakter/1 Woodcutter/Woodcutter_jump.png
  artifactKey: Guid(c1c6b49df1ae2c54a8bfea17544b1c07) Importer(815301076,1909f56bfc062723c751e8b465ee728b)
Start importing Assets/Materials/Sprites/Karakter/1 Woodcutter/Woodcutter_jump.png using Guid(c1c6b49df1ae2c54a8bfea17544b1c07) Importer(815301076,1909f56bfc062723c751e8b465ee728b)  -> (artifact id: 'aabaa3c3b2a91d2e57851e8f695f5ef7') in 0.041321 seconds 
========================================================================
Received Import Request.
  Time since last request: 0.000057 seconds.
  path: Assets/Materials/Sprites/Karakter/1 Woodcutter/Woodcutter_jump4.png
  artifactKey: Guid(b02878c2cab2e864a9ebaa7a25bf4fe4) Importer(815301076,1909f56bfc062723c751e8b465ee728b)
Start importing Assets/Materials/Sprites/Karakter/1 Woodcutter/Woodcutter_jump4.png using Guid(b02878c2cab2e864a9ebaa7a25bf4fe4) Importer(815301076,1909f56bfc062723c751e8b465ee728b)  -> (artifact id: 'bdd2688a0ec5df5c7919b55d276f55f0') in 0.317074 seconds 
